{"title": "checkpoint", "subtitle": "检查点", "arg": "checkpoint$%检查点$%checkpoint$%$%",         "icon": "icon.png"}
{"title": "mertric", "subtitle": "mertric", "arg": "mertric$%mertric$%mertric$%$%",         "icon": "icon.png"}
{"title": "mertrics", "subtitle": "mertrics", "arg": "mertrics$%mertrics$%mertrics$%$%",         "icon": "icon.png"}
{"title": "metrics", "subtitle": "指标", "arg": "metrics$%指标$%metrics$%$%",         "icon": "icon.png"}
{"title": "conformance", "subtitle": "一致性", "arg": "conformance$%一致性$%conformance$%$%",         "icon": "icon.png"}
{"title": "inva", "subtitle": "再次", "arg": "inva$%再次$%inva$%$%",         "icon": "icon.png"}
{"title": "invariant", "subtitle": "不变的", "arg": "invariant$%不变的$%invariant$%$%",         "icon": "icon.png"}
{"title": "daikon", "subtitle": "萝卜", "arg": "daikon$%萝卜$%daikon$%$%",         "icon": "icon.png"}
{"title": "lex", "subtitle": "lex", "arg": "lex$%lex$%lex$%$%",         "icon": "icon.png"}
{"title": "lexical", "subtitle": "词汇", "arg": "lexical$%词汇$%lexical$%$%",         "icon": "icon.png"}
{"title": "overrun", "subtitle": "泛滥", "arg": "overrun$%泛滥$%overrun$%$%",         "icon": "icon.png"}
{"title": "synt", "subtitle": "自己", "arg": "synt$%自己$%synt$%$%",         "icon": "icon.png"}
{"title": "syntactic", "subtitle": "语法", "arg": "syntactic$%语法$%syntactic$%$%",         "icon": "icon.png"}
{"title": "instrumen", "subtitle": "与赞誉", "arg": "instrumen$%与赞誉$%instrumen$%$%",         "icon": "icon.png"}
{"title": "instrumentation", "subtitle": "仪表", "arg": "instrumentation$%仪表$%instrumentation$%$%",         "icon": "icon.png"}
{"title": "walla", "subtitle": "要人", "arg": "walla$%要人$%walla$%$%",         "icon": "icon.png"}
{"title": "re", "subtitle": "再保险", "arg": "re$%再保险$%re$%$%",         "icon": "icon.png"}
{"title": "relevant", "subtitle": "有关", "arg": "relevant$%有关$%relevant$%$%",         "icon": "icon.png"}
{"title": "pro", "subtitle": "箴", "arg": "pro$%箴$%pro$%$%",         "icon": "icon.png"}
{"title": "portions", "subtitle": "部分", "arg": "portions$%部分$%portions$%$%",         "icon": "icon.png"}
{"title": "conform", "subtitle": "符合", "arg": "conform$%符合$%conform$%$%",         "icon": "icon.png"}
{"title": "confor", "subtitle": "康福", "arg": "confor$%康福$%confor$%$%",         "icon": "icon.png"}
{"title": "conformance", "subtitle": "一致性", "arg": "conformance$%一致性$%conformance$%$%",         "icon": "icon.png"}
{"title": "dy", "subtitle": "dy", "arg": "dy$%dy$%dy$%$%",         "icon": "icon.png"}
{"title": "dynamism", "subtitle": "活力", "arg": "dynamism$%活力$%dynamism$%$%",         "icon": "icon.png"}
{"title": "tax", "subtitle": "税", "arg": "tax$%税$%tax$%$%",         "icon": "icon.png"}
{"title": "taxnomy", "subtitle": "taxnomy", "arg": "taxnomy$%taxnomy$%taxnomy$%$%",         "icon": "icon.png"}
{"title": "taxonomy", "subtitle": "分类", "arg": "taxonomy$%分类$%taxonomy$%$%",         "icon": "icon.png"}
{"title": "h", "subtitle": "h", "arg": "h$%h$%h$%$%",         "icon": "icon.png"}
{"title": "hot spot", "subtitle": "热点", "arg": "hot spot$%热点$%hot spot$%$%",         "icon": "icon.png"}
{"title": "hot spots", "subtitle": "热点", "arg": "hot spots$%热点$%hot spots$%$%",         "icon": "icon.png"}
{"title": "shorty", "subtitle": "特别短的东西", "arg": "shorty$%特别短的东西$%shorty$%$%",         "icon": "icon.png"}
{"title": "refl", "subtitle": "反射", "arg": "refl$%反射$%refl$%$%",         "icon": "icon.png"}
{"title": "reflections", "subtitle": "反射", "arg": "reflections$%反射$%reflections$%$%",         "icon": "icon.png"}
{"title": "reflection", "subtitle": "反射", "arg": "reflection$%反射$%reflection$%$%",         "icon": "icon.png"}
{"title": "a", "subtitle": "一个", "arg": "a$%一个$%a$%$%",         "icon": "icon.png"}
{"title": "t", "subtitle": "t", "arg": "t$%t$%t$%$%",         "icon": "icon.png"}
{"title": "tau", "subtitle": "τ", "arg": "tau$%τ$%tau$%$%",         "icon": "icon.png"}
{"title": "t", "subtitle": "t", "arg": "t$%t$%t$%$%",         "icon": "icon.png"}
{"title": "tautology", "subtitle": "无谓的重复", "arg": "tautology$%无谓的重复$%tautology$%$%",         "icon": "icon.png"}
{"title": "fellow", "subtitle": "研究员", "arg": "fellow$%研究员$%fellow$%$%",         "icon": "icon.png"}
{"title": "flushed", "subtitle": "刷新", "arg": "flushed$%刷新$%flushed$%$%",         "icon": "icon.png"}
{"title": "flush", "subtitle": "冲洗", "arg": "flush$%冲洗$%flush$%$%",         "icon": "icon.png"}
{"title": "rel", "subtitle": "rel", "arg": "rel$%rel$%rel$%$%",         "icon": "icon.png"}
{"title": "reflection", "subtitle": "反射", "arg": "reflection$%反射$%reflection$%$%",         "icon": "icon.png"}
{"title": "li", "subtitle": "李", "arg": "li$%李$%li$%$%",         "icon": "icon.png"}
{"title": "complicaiton", "subtitle": "complicaiton", "arg": "complicaiton$%complicaiton$%complicaiton$%$%",         "icon": "icon.png"}
{"title": "Compilation", "subtitle": "编译", "arg": "Compilation$%编译$%Compilation$%$%",         "icon": "icon.png"}
{"title": "deep dive", "subtitle": "深潜水", "arg": "deep dive$%深潜水$%deep dive$%$%",         "icon": "icon.png"}
{"title": "fyi", "subtitle": "仅供参考", "arg": "fyi$%仅供参考$%fyi$%$%",         "icon": "icon.png"}
{"title": "dual", "subtitle": "双", "arg": "dual$%双$%dual$%$%",         "icon": "icon.png"}
{"title": "given an", "subtitle": "给定一个", "arg": "given an$%给定一个$%given an$%$%",         "icon": "icon.png"}
{"title": "given name", "subtitle": "名字", "arg": "given name$%名字$%given name$%$%",         "icon": "icon.png"}
{"title": "family", "subtitle": "家庭", "arg": "family$%家庭$%family$%$%",         "icon": "icon.png"}
{"title": "family nmae", "subtitle": "家庭nmae", "arg": "family nmae$%家庭nmae$%family nmae$%$%",         "icon": "icon.png"}
{"title": "family name", "subtitle": "姓", "arg": "family name$%姓$%family name$%$%",         "icon": "icon.png"}
{"title": "The University of British Columbia", "subtitle": "英属哥伦比亚大学的", "arg": "The University of British Columbia$%英属哥伦比亚大学的$%The University of British Columbia$%$%",         "icon": "icon.png"}
{"title": "Affiliation", "subtitle": "联系", "arg": "Affiliation$%联系$%Affiliation$%$%",         "icon": "icon.png"}
{"title": "con", "subtitle": "与", "arg": "con$%与$%con$%$%",         "icon": "icon.png"}
{"title": "concre", "subtitle": "concre", "arg": "concre$%concre$%concre$%$%",         "icon": "icon.png"}
{"title": "concrete", "subtitle": "混凝土", "arg": "concrete$%混凝土$%concrete$%$%",         "icon": "icon.png"}
{"title": "back the", "subtitle": "回", "arg": "back the$%回$%back the$%$%",         "icon": "icon.png"}
{"title": "back the forth", "subtitle": "回出来", "arg": "back the forth$%回出来$%back the forth$%$%",         "icon": "icon.png"}
{"title": "on top", "subtitle": "在上面", "arg": "on top$%在上面$%on top$%$%",         "icon": "icon.png"}
{"title": "on top", "subtitle": "在上面", "arg": "on top$%在上面$%on top$%$%",         "icon": "icon.png"}
{"title": "on top of", "subtitle": "的基础上", "arg": "on top of$%的基础上$%on top of$%$%",         "icon": "icon.png"}
{"title": "push you", "subtitle": "把你推", "arg": "push you$%把你推$%push you$%$%",         "icon": "icon.png"}
{"title": "push you so hard", "subtitle": "让你那么辛苦", "arg": "push you so hard$%让你那么辛苦$%push you so hard$%$%",         "icon": "icon.png"}
{"title": "are the", "subtitle": "是", "arg": "are the$%是$%are the$%$%",         "icon": "icon.png"}
{"title": "are ant", "subtitle": "是蚂蚁", "arg": "are ant$%是蚂蚁$%are ant$%$%",         "icon": "icon.png"}
{"title": "are anthony", "subtitle": "是安东尼", "arg": "are anthony$%是安东尼$%are anthony$%$%",         "icon": "icon.png"}
{"title": "are anthony with", "subtitle": "是安东尼", "arg": "are anthony with$%是安东尼$%are anthony with$%$%",         "icon": "icon.png"}
{"title": "be with you now", "subtitle": "和你在一起现在", "arg": "be with you now$%和你在一起现在$%be with you now$%$%",         "icon": "icon.png"}
{"title": "wind", "subtitle": "风", "arg": "wind$%风$%wind$%$%",         "icon": "icon.png"}
{"title": "wind up", "subtitle": "最终", "arg": "wind up$%最终$%wind up$%$%",         "icon": "icon.png"}
{"title": "justi", "subtitle": "正义", "arg": "justi$%正义$%justi$%$%",         "icon": "icon.png"}
{"title": "justified", "subtitle": "合理的", "arg": "justified$%合理的$%justified$%$%",         "icon": "icon.png"}
{"title": "spu", "subtitle": "spu", "arg": "spu$%spu$%spu$%$%",         "icon": "icon.png"}
{"title": "spurious", "subtitle": "虚假的", "arg": "spurious$%虚假的$%spurious$%$%",         "icon": "icon.png"}
{"title": "rumour", "subtitle": "谣言", "arg": "rumour$%谣言$%rumour$%$%",         "icon": "icon.png"}
{"title": "reflexion", "subtitle": "反射", "arg": "reflexion$%反射$%reflexion$%$%",         "icon": "icon.png"}
{"title": "confo", "subtitle": "confo", "arg": "confo$%confo$%confo$%$%",         "icon": "icon.png"}
{"title": "conformance", "subtitle": "一致性", "arg": "conformance$%一致性$%conformance$%$%",         "icon": "icon.png"}
{"title": "subroutine", "subtitle": "子例程", "arg": "subroutine$%子例程$%subroutine$%$%",         "icon": "icon.png"}
{"title": "in", "subtitle": "在", "arg": "in$%在$%in$%$%",         "icon": "icon.png"}
{"title": "instr", "subtitle": "instr", "arg": "instr$%instr$%instr$%$%",         "icon": "icon.png"}
{"title": "instrumented", "subtitle": "检测", "arg": "instrumented$%检测$%instrumented$%$%",         "icon": "icon.png"}
{"title": "sct", "subtitle": "蛇口集装箱码头", "arg": "sct$%蛇口集装箱码头$%sct$%$%",         "icon": "icon.png"}
{"title": "scratch", "subtitle": "刮伤", "arg": "scratch$%刮伤$%scratch$%$%",         "icon": "icon.png"}
{"title": "scratch", "subtitle": "刮伤", "arg": "scratch$%刮伤$%scratch$%$%",         "icon": "icon.png"}
{"title": "dispatched", "subtitle": "派出", "arg": "dispatched$%派出$%dispatched$%$%",         "icon": "icon.png"}
{"title": "fro", "subtitle": "摇来摇去", "arg": "fro$%摇来摇去$%fro$%$%",         "icon": "icon.png"}
{"title": "frowned upon", "subtitle": "让人皱眉头", "arg": "frowned upon$%让人皱眉头$%frowned upon$%$%",         "icon": "icon.png"}
{"title": "contextual", "subtitle": "上下文", "arg": "contextual$%上下文$%contextual$%$%",         "icon": "icon.png"}
{"title": "hys", "subtitle": "沪元", "arg": "hys$%沪元$%hys$%$%",         "icon": "icon.png"}
{"title": "hystorical", "subtitle": "hystorical", "arg": "hystorical$%hystorical$%hystorical$%$%",         "icon": "icon.png"}
{"title": "hyst", "subtitle": "hyst", "arg": "hyst$%hyst$%hyst$%$%",         "icon": "icon.png"}
{"title": "hysto", "subtitle": "hysto", "arg": "hysto$%hysto$%hysto$%$%",         "icon": "icon.png"}
{"title": "hystorical", "subtitle": "hystorical", "arg": "hystorical$%hystorical$%hystorical$%$%",         "icon": "icon.png"}
{"title": "x", "subtitle": "x", "arg": "x$%x$%x$%$%",         "icon": "icon.png"}
{"title": "xi", "subtitle": "习", "arg": "xi$%习$%xi$%$%",         "icon": "icon.png"}
{"title": "xi", "subtitle": "习", "arg": "xi$%习$%xi$%$%",         "icon": "icon.png"}
{"title": "西斯底里", "subtitle": "At the sith", "arg": "西斯底里$%At the sith$%At the sith$%$%",         "icon": "icon.png"}
{"title": "歇斯底里", "subtitle": "hysteria", "arg": "歇斯底里$%hysteria$%hysteria$%$%",         "icon": "icon.png"}
{"title": "behind", "subtitle": "后面", "arg": "behind$%后面$%behind$%$%",         "icon": "icon.png"}
{"title": "three", "subtitle": "三个", "arg": "three$%三个$%three$%$%",         "icon": "icon.png"}
{"title": "three hours", "subtitle": "三个小时", "arg": "three hours$%三个小时$%three hours$%$%",         "icon": "icon.png"}
{"title": "three hours for", "subtitle": "三个小时了", "arg": "three hours for$%三个小时了$%three hours for$%$%",         "icon": "icon.png"}
{"title": "three hours forward", "subtitle": "三个小时", "arg": "three hours forward$%三个小时$%three hours forward$%$%",         "icon": "icon.png"}
{"title": "about", "subtitle": "关于", "arg": "about$%关于$%about$%$%",         "icon": "icon.png"}
{"title": "about to sen", "subtitle": "将森", "arg": "about to sen$%将森$%about to sen$%$%",         "icon": "icon.png"}
{"title": "about to send it", "subtitle": "要把它", "arg": "about to send it$%要把它$%about to send it$%$%",         "icon": "icon.png"}
{"title": "redundant", "subtitle": "冗余", "arg": "redundant$%冗余$%redundant$%$%",         "icon": "icon.png"}
{"title": "ad", "subtitle": "广告", "arg": "ad$%广告$%ad$%$%",         "icon": "icon.png"}
{"title": "aided", "subtitle": "辅助", "arg": "aided$%辅助$%aided$%$%",         "icon": "icon.png"}
